2023-04-14 18:38:03,041 [Worker-36] INFO  com.tibco.bw.migration.debug  - Generating BW 6 application for BW5 project/projects at C:\tibcobw5\designer\5.7\Test_Project2\migrate\read
2023-04-14 18:38:03,372 [Worker-36] INFO  com.tibco.bw.migration.debug  - Migrating Global Variables..
2023-04-14 18:38:03,634 [Worker-36] INFO  com.tibco.bw.migration.debug  - Migrating Shared Resources..
2023-04-14 18:38:03,676 [Worker-36] DEBUG com.tibco.bw.migration.debug  - Found Migrator for fileExtensionsharedparse  com.tibco.bw.tools.migrator.v6.palette.parse.sharedResource.DataFormatSharedResourceTypeMigrator@7e2764d7
2023-04-14 18:38:03,990 [Worker-36] DEBUG com.tibco.bw.migration.debug  - http://ns.tibco.com/bw/palette/dataformat/migrate/Data-Format.xsd       file:/e:/practice2/Read/migrate/Data-Format.xsd
2023-04-14 18:38:03,991 [Worker-36] DEBUG com.tibco.bw.migration.debug  - Added Schema to ResourceSet => http://ns.tibco.com/bw/palette/dataformat/migrate/Data-Format.xsd   with location   e:/practice2/Read/migrate/Data-Format.xsd
2023-04-14 18:38:03,991 [Worker-36] DEBUG com.tibco.bw.migration.debug  - http://www.tibco.com/xmlns/ae2xsd/2002/05/ae/baseDocument       file:/e:/practice2/Read/Schemas/ae/baseDocument.xsd
2023-04-14 18:38:03,992 [Worker-36] DEBUG com.tibco.bw.migration.debug  - Added Schema to ResourceSet => http://www.tibco.com/xmlns/ae2xsd/2002/05/ae/baseDocument   with location   e:/practice2/Read/Schemas/ae/baseDocument.xsd
2023-04-14 18:38:03,992 [Worker-36] DEBUG com.tibco.bw.migration.debug  - http://www.tibco.com/xmlns/ae2xsd/2002/05       file:/e:/practice2/Read/Schemas/ae2xsd.xsd
2023-04-14 18:38:03,992 [Worker-36] DEBUG com.tibco.bw.migration.debug  - Added Schema to ResourceSet => http://www.tibco.com/xmlns/ae2xsd/2002/05   with location   e:/practice2/Read/Schemas/ae2xsd.xsd
2023-04-14 18:38:03,993 [Worker-36] DEBUG com.tibco.bw.migration.debug  - http://www.tibco.com/xmlns/ae2xsd/2002/05       file:/e:/practice2/Read/Schemas/ae2xsd.xsd
2023-04-14 18:38:03,993 [Worker-36] DEBUG com.tibco.bw.migration.debug  - Added Schema to ResourceSet => http://www.tibco.com/xmlns/ae2xsd/2002/05   with location   e:/practice2/Read/Schemas/ae2xsd.xsd
2023-04-14 18:38:03,994 [Worker-36] INFO  com.tibco.bw.migration.debug  - Migrating Processes..
2023-04-14 18:38:03,994 [Worker-36] INFO  com.tibco.bw.migration.debug  - Process Migration Order is => 
2023-04-14 18:38:03,995 [Worker-36] INFO  com.tibco.bw.migration.debug  - migrate/Process Definition.process
2023-04-14 18:38:04,017 [Worker-36] ERROR com.tibco.bw.migration.debug  - e:\practice2c:\tibcobw5\designer\5.7\Test_Project2\migratec:\tibcobw5\designer\T5_7\Test_Project2\migrate\Read\migrate\Process-Definition.bwp (The filename, directory name, or volume label syntax is incorrect)
java.io.FileNotFoundException: e:\practice2c:\tibcobw5\designer\5.7\Test_Project2\migratec:\tibcobw5\designer\T5_7\Test_Project2\migrate\Read\migrate\Process-Definition.bwp (The filename, directory name, or volume label syntax is incorrect)
	at java.io.FileOutputStream.open0(Native Method)
	at java.io.FileOutputStream.open(FileOutputStream.java:270)
	at java.io.FileOutputStream.<init>(FileOutputStream.java:213)
	at java.io.FileOutputStream.<init>(FileOutputStream.java:101)
	at com.tibco.bw.migration.util.MigrationUtils.writeToFile(MigrationUtils.java:1287)
	at com.tibco.bw.tools.migrator.v6.utils.Bw6ProcessBuilderUtils.createEmptyProcessAndWrite(Bw6ProcessBuilderUtils.java:2921)
	at com.tibco.bw.tools.migrator.v6.utils.Bw6ProcessBuilderUtils.createEmptyProcessAndWrite(Bw6ProcessBuilderUtils.java:2767)
	at com.tibco.bw.tools.migrator.v6.composite.application.generator.impl.Bw6ProcessGenerator.generateEmptyProcesses(Bw6ProcessGenerator.java:232)
	at com.tibco.bw.tools.migrator.v6.composite.application.generator.impl.Bw6ProcessGenerator.generateProcesses(Bw6ProcessGenerator.java:124)
	at com.tibco.bw.tools.migrator.v6.composite.application.generator.impl.Bw6ProcessGenerator.generate(Bw6ProcessGenerator.java:113)
	at com.tibco.bw.tools.migrator.v6.composite.application.generator.impl.CompositeApplicationGenerator.generateProcesses(CompositeApplicationGenerator.java:1521)
	at com.tibco.bw.tools.migrator.v6.composite.application.generator.impl.CompositeApplicationGenerator.writeCompositeAppProject(CompositeApplicationGenerator.java:585)
	at com.tibco.bw.tools.migrator.v6.composite.application.generator.impl.CompositeApplicationGenerator.generateProject(CompositeApplicationGenerator.java:368)
	at com.tibco.bw.tools.migrator.v6.composite.application.generator.impl.CompositeApplicationGenerator.generate(CompositeApplicationGenerator.java:221)
	at com.tibco.bw.tools.migrator.v6.impl.Bw6MigratorV2.migrate(Bw6MigratorV2.java:159)
	at com.tibco.bw.tools.migrator.v6.impl.Bw6MigratorV2.migrate(Bw6MigratorV2.java:100)
	at com.tibco.bw.tools.migrator.v6.utils.ProjectMigrationJob$MigrationJob.migrateProject(ProjectMigrationJob.java:222)
	at com.tibco.bw.tools.migrator.v6.utils.ProjectMigrationJob$MigrationJob.startMigration(ProjectMigrationJob.java:209)
	at com.tibco.bw.tools.migrator.v6.utils.ProjectMigrationJob$MigrationJob.run(ProjectMigrationJob.java:178)
	at org.eclipse.core.internal.jobs.Worker.run(Worker.java:54)
2023-04-14 18:38:04,019 [Worker-36] ERROR com.tibco.bw.migration.debug  - java.io.FileNotFoundException: e:\practice2c:\tibcobw5\designer\5.7\Test_Project2\migratec:\tibcobw5\designer\T5_7\Test_Project2\migrate\Read\migrate\Process-Definition.bwp (The filename, directory name, or volume label syntax is incorrect)
org.eclipse.emf.ecore.resource.impl.ResourceSetImpl$1DiagnosticWrappedException: java.io.FileNotFoundException: e:\practice2c:\tibcobw5\designer\5.7\Test_Project2\migratec:\tibcobw5\designer\T5_7\Test_Project2\migrate\Read\migrate\Process-Definition.bwp (The filename, directory name, or volume label syntax is incorrect)
	at org.eclipse.emf.ecore.resource.impl.ResourceSetImpl.handleDemandLoadException(ResourceSetImpl.java:319)
	at org.eclipse.emf.ecore.resource.impl.ResourceSetImpl.demandLoadHelper(ResourceSetImpl.java:278)
	at org.eclipse.emf.ecore.resource.impl.ResourceSetImpl.getResource(ResourceSetImpl.java:377)
	at com.tibco.bw.tools.migrator.v6.utils.Bw6ProcessBuilderUtils.createEmptyProcessAndWrite(Bw6ProcessBuilderUtils.java:2930)
	at com.tibco.bw.tools.migrator.v6.utils.Bw6ProcessBuilderUtils.createEmptyProcessAndWrite(Bw6ProcessBuilderUtils.java:2767)
	at com.tibco.bw.tools.migrator.v6.composite.application.generator.impl.Bw6ProcessGenerator.generateEmptyProcesses(Bw6ProcessGenerator.java:232)
	at com.tibco.bw.tools.migrator.v6.composite.application.generator.impl.Bw6ProcessGenerator.generateProcesses(Bw6ProcessGenerator.java:124)
	at com.tibco.bw.tools.migrator.v6.composite.application.generator.impl.Bw6ProcessGenerator.generate(Bw6ProcessGenerator.java:113)
	at com.tibco.bw.tools.migrator.v6.composite.application.generator.impl.CompositeApplicationGenerator.generateProcesses(CompositeApplicationGenerator.java:1521)
	at com.tibco.bw.tools.migrator.v6.composite.application.generator.impl.CompositeApplicationGenerator.writeCompositeAppProject(CompositeApplicationGenerator.java:585)
	at com.tibco.bw.tools.migrator.v6.composite.application.generator.impl.CompositeApplicationGenerator.generateProject(CompositeApplicationGenerator.java:368)
	at com.tibco.bw.tools.migrator.v6.composite.application.generator.impl.CompositeApplicationGenerator.generate(CompositeApplicationGenerator.java:221)
	at com.tibco.bw.tools.migrator.v6.impl.Bw6MigratorV2.migrate(Bw6MigratorV2.java:159)
	at com.tibco.bw.tools.migrator.v6.impl.Bw6MigratorV2.migrate(Bw6MigratorV2.java:100)
	at com.tibco.bw.tools.migrator.v6.utils.ProjectMigrationJob$MigrationJob.migrateProject(ProjectMigrationJob.java:222)
	at com.tibco.bw.tools.migrator.v6.utils.ProjectMigrationJob$MigrationJob.startMigration(ProjectMigrationJob.java:209)
	at com.tibco.bw.tools.migrator.v6.utils.ProjectMigrationJob$MigrationJob.run(ProjectMigrationJob.java:178)
	at org.eclipse.core.internal.jobs.Worker.run(Worker.java:54)
Caused by: java.io.FileNotFoundException: e:\practice2c:\tibcobw5\designer\5.7\Test_Project2\migratec:\tibcobw5\designer\T5_7\Test_Project2\migrate\Read\migrate\Process-Definition.bwp (The filename, directory name, or volume label syntax is incorrect)
	at java.io.FileInputStream.open0(Native Method)
	at java.io.FileInputStream.open(FileInputStream.java:195)
	at java.io.FileInputStream.<init>(FileInputStream.java:138)
	at org.eclipse.emf.ecore.resource.impl.FileURIHandlerImpl.createInputStream(FileURIHandlerImpl.java:99)
	at org.eclipse.emf.ecore.resource.impl.ExtensibleURIConverterImpl.createInputStream(ExtensibleURIConverterImpl.java:360)
	at org.eclipse.emf.ecore.resource.impl.ResourceImpl.load(ResourceImpl.java:1269)
	at org.eclipse.emf.ecore.resource.impl.ResourceSetImpl.demandLoad(ResourceSetImpl.java:259)
	at org.eclipse.emf.ecore.resource.impl.ResourceSetImpl.demandLoadHelper(ResourceSetImpl.java:274)
	... 16 more
2023-04-14 18:38:04,026 [Worker-36] ERROR com.tibco.bw.migration.debug  - Illegal char <:> at index 19: e:\practice2\Read\c:\tibcobw5\designer\T5_7\Test_Project2\migrate\Read\migrate\Process-Definition.process
java.nio.file.InvalidPathException: Illegal char <:> at index 19: e:\practice2\Read\c:\tibcobw5\designer\T5_7\Test_Project2\migrate\Read\migrate\Process-Definition.process
	at sun.nio.fs.WindowsPathParser.normalize(WindowsPathParser.java:182)
	at sun.nio.fs.WindowsPathParser.parse(WindowsPathParser.java:153)
	at sun.nio.fs.WindowsPathParser.parse(WindowsPathParser.java:77)
	at sun.nio.fs.WindowsPath.parse(WindowsPath.java:94)
	at sun.nio.fs.WindowsFileSystem.getPath(WindowsFileSystem.java:255)
	at java.nio.file.Paths.get(Paths.java:84)
	at com.tibco.bw.tools.migrator.v6.composite.application.generator.impl.Bw6ProcessGenerator.buildProcess(Bw6ProcessGenerator.java:751)
	at com.tibco.bw.tools.migrator.v6.composite.application.generator.impl.Bw6ProcessGenerator.generate(Bw6ProcessGenerator.java:329)
	at com.tibco.bw.tools.migrator.v6.composite.application.generator.impl.Bw6ProcessGenerator.generateProcesses(Bw6ProcessGenerator.java:272)
	at com.tibco.bw.tools.migrator.v6.composite.application.generator.impl.Bw6ProcessGenerator.generateProcesses(Bw6ProcessGenerator.java:131)
	at com.tibco.bw.tools.migrator.v6.composite.application.generator.impl.Bw6ProcessGenerator.generate(Bw6ProcessGenerator.java:113)
	at com.tibco.bw.tools.migrator.v6.composite.application.generator.impl.CompositeApplicationGenerator.generateProcesses(CompositeApplicationGenerator.java:1521)
	at com.tibco.bw.tools.migrator.v6.composite.application.generator.impl.CompositeApplicationGenerator.writeCompositeAppProject(CompositeApplicationGenerator.java:585)
	at com.tibco.bw.tools.migrator.v6.composite.application.generator.impl.CompositeApplicationGenerator.generateProject(CompositeApplicationGenerator.java:368)
	at com.tibco.bw.tools.migrator.v6.composite.application.generator.impl.CompositeApplicationGenerator.generate(CompositeApplicationGenerator.java:221)
	at com.tibco.bw.tools.migrator.v6.impl.Bw6MigratorV2.migrate(Bw6MigratorV2.java:159)
	at com.tibco.bw.tools.migrator.v6.impl.Bw6MigratorV2.migrate(Bw6MigratorV2.java:100)
	at com.tibco.bw.tools.migrator.v6.utils.ProjectMigrationJob$MigrationJob.migrateProject(ProjectMigrationJob.java:222)
	at com.tibco.bw.tools.migrator.v6.utils.ProjectMigrationJob$MigrationJob.startMigration(ProjectMigrationJob.java:209)
	at com.tibco.bw.tools.migrator.v6.utils.ProjectMigrationJob$MigrationJob.run(ProjectMigrationJob.java:178)
	at org.eclipse.core.internal.jobs.Worker.run(Worker.java:54)
2023-04-14 18:38:04,027 [Worker-36] INFO  com.tibco.bw.migration.debug  - Migration Progress:
	Total Processes = 1
	Migrated Processes = 1
	Partially Migrated Processes = 2


Project Migration Complete
